<?xml version="1.0" encoding="UTF-8"?>
<testsuite name="Add Contacts" tests="4" skipped="0" failures="1" errors="0" timestamp="2021-04-25T15:32:51" hostname="AK" time="68.053">
  <properties/>
  <testcase name="Add new contacts to my phone #1" classname="Add Contacts" time="19.303"/>
  <testcase name="Add new contacts to my phone #2" classname="Add Contacts" time="16.899"/>
  <testcase name="Add new contacts to my phone #3" classname="Add Contacts" time="16.819">
    <failure message="org.junit.ComparisonFailure: expected:&lt;[]&gt; but was:&lt;[345-678]&gt;" type="org.junit.ComparisonFailure">org.junit.ComparisonFailure: expected:&lt;[]&gt; but was:&lt;[345-678]&gt;
	at org.junit.Assert.assertEquals(Assert.java:117)
	at org.junit.Assert.assertEquals(Assert.java:146)
	at steps.StepDefinitions.contact_should_be_saved_in_the_contact_list(StepDefinitions.java:73)
	at ✽.Contact &quot;&quot; should be saved in the contact list(file:///D:/CucumberAppium/src/test/resources/features/AddContacts.feature:11)
</failure>
  </testcase>
  <testcase name="Add new contacts by importing VCF file" classname="Add Contacts" time="15.032"/>
  <system-out><![CDATA[Application Started
Application Started
Application Started
Application Started
]]></system-out>
  <system-err><![CDATA[Apr 25, 2021 11:32:59 PM io.appium.java_client.remote.AppiumCommandExecutor$1 lambda$0
INFO: Detected dialect: W3C
Apr 25, 2021 11:33:17 PM io.appium.java_client.remote.AppiumCommandExecutor$1 lambda$0
INFO: Detected dialect: W3C
Apr 25, 2021 11:33:34 PM io.appium.java_client.remote.AppiumCommandExecutor$1 lambda$0
INFO: Detected dialect: W3C
Apr 25, 2021 11:33:51 PM io.appium.java_client.remote.AppiumCommandExecutor$1 lambda$0
INFO: Detected dialect: W3C
]]></system-err>
</testsuite>
